729676 status: hire-purchase.
Error: 7739 doesn't exist.
993086 status: hire-purchase.
Error: 155216 doesn't exist.
Error: 223603 doesn't exist.
729676 has been canceled. Charges: 40021 yen.
Number: 993086. Voice call time: 0. Data traffic: 37.71. Charges: 7519 yen.
Error: 133478 doesn't exist.
Error: 984917 doesn't exist.
Error: 668745 doesn't exist.
993086 has started a voice call at 2019/06/06-05:16:35.
Error: 993086 has already started a voice call.
Error: 287626 doesn't exist.
993086 has finished a voice call at 2019/06/06-05:25:38. Voice call time: 543.
121656 status: hire-purchase.
Number: 993086. Voice call time: 543. Data traffic: 158.42. Charges: 9769 yen.
Number: 121656. Voice call time: 0. Data traffic: 95.55. Charges: 55227 yen.
Error: 524009 doesn't exist.
121656 has started a voice call at 2019/07/10-13:57:24.
Error: 993086 hasn't started a voice call.
993086 has started a voice call at 2019/07/10-13:58:47.
Error: 371242 doesn't exist.
Error: 993086 has already started a voice call.
Error: 993086 has already started a voice call.
Error: 574222 doesn't exist.
Error: 121656 has already started a voice call.
Number: 993086. Voice call time: 1850473. Data traffic: 49.24. Charges: 1549369 yen.
Number: 121656. Voice call time: 1850556. Data traffic: 172.99. Charges: 1597127 yen.
Error: 993086 has already started a voice call.
Error: 121656 has already started a voice call.
Error: 657880 doesn't exist.
993086 has finished a voice call at 2019/08/12-13:36:15. Voice call time: 2849848.
Error: 974813 doesn't exist.
993086 has started a voice call at 2019/08/12-13:42:29.
Error: 121656 has already started a voice call.
Error: 121656 has already started a voice call.
Error: 121656 has already started a voice call.
Error: 121656 has already started a voice call.
Error: 993086 has already started a voice call.
993086 has finished a voice call at 2019/08/12-15:18:14. Voice call time: 5745.
121656 has finished a voice call at 2019/08/12-15:21:59. Voice call time: 2856275.
993086 has been canceled. Charges: 884654 yen.
Error: 429029 doesn't exist.
121656 has started a voice call at 2019/08/12-15:32:16.
121656 has finished a voice call at 2019/08/12-15:35:28. Voice call time: 192.
Error: 406680 doesn't exist.
Error: 85436 doesn't exist.
Error: 646175 doesn't exist.
121656 has started a voice call at 2019/08/12-16:36:58.
Error: 121656 has already started a voice call.
121656 has finished a voice call at 2019/08/12-16:38:38. Voice call time: 100.
21287 status: no terminal charge.
Error: 235372 doesn't exist.
Error: 390584 doesn't exist.
Error: 921461 doesn't exist.
21287 has been canceled. Charges: 7000 yen.
Error: 984890 doesn't exist.
121656 has started a voice call at 2019/08/12-16:53:53.
121656 has finished a voice call at 2019/08/12-16:56:59. Voice call time: 186.
Error: 783356 doesn't exist.
121656 has been canceled. Charges: 843250 yen.
189146 status: lump-sum.
