Error: 391034 doesn't exist.

Error: 211194 doesn't exist.

Error: 975913 doesn't exist.

828341 status: hire-purchase.

828341 has been canceled. Charges: 55895 yen.

Error: 849211 doesn't exist.

Error: 97427 doesn't exist.

341557 status: lump-sum.

341557 has started a voice call at 2009/04/24-23:39:15.

Number: 341557. Voice call time: 519645. Data traffic: 190.71. Charges: 466689 yen.

Error: 341557 has already started a voice call.

Error: 196881 doesn't exist.

341557 has finished a voice call at 2009/05/04-03:44:01. Voice call time: 792286.

Error: 920805 doesn't exist.

341557 has started a voice call at 2009/05/04-03:52:46.

Error: 211787 doesn't exist.

Number: 341557. Voice call time: 2677875. Data traffic: 103.47. Charges: 2238350 yen.

341557 has finished a voice call at 2009/06/12-10:29:51. Voice call time: 3393425.

150110 status: lump-sum.

341557 has started a voice call at 2009/06/12-10:37:26.

150110 has been canceled. Charges: 77136 yen.

Error: 658060 doesn't exist.

Error: 65248 doesn't exist.

Error: 341557 has already started a voice call.

341557 has finished a voice call at 2009/06/12-10:53:40. Voice call time: 974.

Error: 891234 doesn't exist.

341557 has been canceled. Charges: 829100 yen.

41107 status: lump-sum.

41107 has started a voice call at 2009/06/12-10:58:58.

Error: 173066 doesn't exist.

Error: 882602 doesn't exist.

Error: 41107 has already started a voice call.

Error: 41107 has already started a voice call.

41107 has finished a voice call at 2009/06/12-11:06:44. Voice call time: 466.

Error: 797879 doesn't exist.

41107 has started a voice call at 2009/06/12-11:13:25.

Number: 41107. Voice call time: 1601661. Data traffic: 183.89. Charges: 1342366 yen.

41107 has finished a voice call at 2009/07/21-06:46:45. Voice call time: 3353600.

Error: 428503 doesn't exist.

Error: 977464 doesn't exist.

41107 has started a voice call at 2009/07/21-06:53:33.

Error: 809027 doesn't exist.

Error: 194076 doesn't exist.

Error: 452158 doesn't exist.

41107 has finished a voice call at 2009/07/21-07:06:06. Voice call time: 753.

41107 has started a voice call at 2009/07/21-07:09:26.

41107 has finished a voice call at 2009/07/21-07:14:10. Voice call time: 284.

41107 has been canceled. Charges: 1468000 yen.

210977 status: lump-sum.

552743 status: hire-purchase.

210977 has started a voice call at 2009/07/21-07:28:35.

Error: 225663 doesn't exist.

552743 has started a voice call at 2009/07/21-08:17:19.

210977 has finished a voice call at 2009/07/21-08:17:53. Voice call time: 2958.

210977 has started a voice call at 2009/07/21-08:20:23.

210977 has finished a voice call at 2009/07/21-08:22:32. Voice call time: 129.

Error: 345546 doesn't exist.

210977 has been canceled. Charges: 88413 yen.

552743 has finished a voice call at 2009/07/21-08:32:15. Voice call time: 896.

552743 has started a voice call at 2009/07/21-08:36:18.

552743 has finished a voice call at 2009/07/21-08:36:34. Voice call time: 16.

Error: 97163 doesn't exist.

Error: 417416 doesn't exist.

Error: 976974 doesn't exist.

Error: 970380 doesn't exist.

552743 has started a voice call at 2009/07/21-08:47:47.

Error: 622321 doesn't exist.

Error: 552743 has already started a voice call.

552743 has finished a voice call at 2009/07/21-09:00:36. Voice call time: 769.

552743 has started a voice call at 2009/07/21-09:03:53.

Error: 53944 doesn't exist.

552743 has finished a voice call at 2009/07/21-09:05:55. Voice call time: 122.

Error: 559937 doesn't exist.

552743 has started a voice call at 2009/07/21-10:06:17.

Error: 552743 has already started a voice call.

Error: 552743 has already started a voice call.

Error: 552743 has already started a voice call.

Error: 552743 has already started a voice call.

Number: 552743. Voice call time: 915826. Data traffic: 146.47. Charges: 770961 yen.

Error: 335060 doesn't exist.

Error: 552743 has already started a voice call.

552743 has finished a voice call at 2009/08/02-18:23:44. Voice call time: 1066647.

552743 has started a voice call at 2009/08/02-18:23:46.

293499 status: hire-purchase.

764376 status: lump-sum.

Error: 293499 hasn't started a voice call.

Error: 552743 has already started a voice call.

Error: 293499 hasn't started a voice call.

Error: 959006 doesn't exist.

Number: 552743. Voice call time: 2678398. Data traffic: 39.93. Charges: 2237761 yen.

Number: 293499. Voice call time: 0. Data traffic: 18.96. Charges: 6857 yen.

Number: 764376. Voice call time: 0. Data traffic: 153.39. Charges: 63458 yen.

Error: 745856 doesn't exist.

Number: 552743. Voice call time: 2592000. Data traffic: 67.68. Charges: 2167761 yen.

Number: 293499. Voice call time: 0. Data traffic: 183.46. Charges: 11357 yen.

Number: 764376. Voice call time: 0. Data traffic: 11.56. Charges: 2500 yen.

Number: 552743. Voice call time: 2678400. Data traffic: 186.97. Charges: 2239761 yen.

Number: 293499. Voice call time: 0. Data traffic: 76.96. Charges: 11357 yen.

Number: 764376. Voice call time: 0. Data traffic: 42.36. Charges: 5000 yen.

293499 has started a voice call at 2009/11/14-03:44:47.

836317 status: hire-purchase.

773896 status: lump-sum.

764376 has started a voice call at 2009/11/14-03:49:43.

773896 has started a voice call at 2009/11/14-03:52:42.

Error: 293499 has already started a voice call.

Error: 764376 has already started a voice call.

836317 has started a voice call at 2009/11/14-03:59:18.

Error: 836317 has already started a voice call.

Error: 178153 doesn't exist.

Error: 102588 doesn't exist.

Error: 779580 doesn't exist.

Error: 322162 doesn't exist.

552743 has finished a voice call at 2009/11/14-04:12:31. Voice call time: 8934525.

836317 has finished a voice call at 2009/11/14-04:15:31. Voice call time: 973.

293499 has finished a voice call at 2009/11/14-04:18:14. Voice call time: 2007.

552743 has started a voice call at 2009/11/14-04:20:12.

Error: 552743 has already started a voice call.

773896 has finished a voice call at 2009/11/14-05:20:54. Voice call time: 5292.

Error: 836317 hasn't started a voice call.

Error: 764376 has already started a voice call.

293499 has been canceled. Charges: 47663 yen.

552743 has finished a voice call at 2009/11/14-06:20:44. Voice call time: 7232.

465066 status: hire-purchase.

764376 has finished a voice call at 2009/11/14-06:29:00. Voice call time: 9557.

465066 has been canceled. Charges: 28448 yen.

Error: 892352 doesn't exist.

Error: 551952 doesn't exist.

Error: 407614 doesn't exist.

Error: 761929 doesn't exist.

Error: 714002 doesn't exist.

Error: 684526 doesn't exist.

764376 has started a voice call at 2009/11/14-06:49:54.

552743 has been canceled. Charges: 972571 yen.

Error: 836317 hasn't started a voice call.

764376 has finished a voice call at 2009/11/14-07:09:35. Voice call time: 1181.

836317 has been canceled. Charges: 51545 yen.

Error: 731300 doesn't exist.

Error: 169180 doesn't exist.

773896 has started a voice call at 2009/11/14-07:17:51.

773896 has finished a voice call at 2009/11/14-07:20:06. Voice call time: 135.

773896 has started a voice call at 2009/11/14-08:03:33.

773896 has finished a voice call at 2009/11/14-08:05:29. Voice call time: 116.

Error: 14126 doesn't exist.

764376 has started a voice call at 2009/11/14-08:11:28.

773896 has started a voice call at 2009/11/14-08:12:44.

Number: 764376. Voice call time: 1450050. Data traffic: 76.75. Charges: 1215150 yen.

Number: 773896. Voice call time: 1444779. Data traffic: 96.99. Charges: 1256373 yen.

Error: 764376 has already started a voice call.

773896 has finished a voice call at 2009/12/03-10:05:51. Voice call time: 1648387.

773896 has been canceled. Charges: 181050 yen.

Error: 841233 doesn't exist.

Error: 797274 doesn't exist.

453570 status: lump-sum.

453570 has started a voice call at 2009/12/03-10:18:59.

764376 has finished a voice call at 2009/12/03-10:23:05. Voice call time: 1649497.

738691 status: lump-sum.

738691 has been canceled. Charges: 105709 yen.

868876 status: hire-purchase.

982060 status: hire-purchase.

Error: 453570 has already started a voice call.

982060 has started a voice call at 2009/12/03-10:32:56.

Number: 764376. Voice call time: 210185. Data traffic: 104.24. Charges: 181950 yen.

Number: 453570. Voice call time: 2468461. Data traffic: 35.91. Charges: 2104479 yen.

Number: 868876. Voice call time: 0. Data traffic: 110.08. Charges: 16811 yen.

Number: 982060. Voice call time: 2467624. Data traffic: 153.21. Charges: 2069348 yen.

868876 has started a voice call at 2010/01/02-05:32:56.

526113 status: lump-sum.

Error: 992441 doesn't exist.

764376 has started a voice call at 2010/01/02-05:41:33.

969751 status: hire-purchase.

575052 status: lump-sum.

526113 has started a voice call at 2010/01/02-05:49:24.

135883 status: hire-purchase.

764376 has finished a voice call at 2010/01/02-05:55:15. Voice call time: 822.

Error: 914413 doesn't exist.

982060 has finished a voice call at 2010/01/02-05:57:52. Voice call time: 2575496.

969751 has been canceled. Charges: 4645 yen.

453570 has finished a voice call at 2010/01/02-06:04:00. Voice call time: 2576701.

Error: 868876 has already started a voice call.

Error: 868876 has already started a voice call.

575052 has been canceled. Charges: 37882 yen.

Error: 376294 doesn't exist.

135883 has been canceled. Charges: 88566 yen.

868876 has finished a voice call at 2010/01/02-06:27:42. Voice call time: 3286.

526113 has finished a voice call at 2010/01/02-06:29:02. Voice call time: 2378.

Error: 560407 doesn't exist.

453570 has been canceled. Charges: 96950 yen.

Error: 695515 doesn't exist.

526113 has started a voice call at 2010/01/02-06:37:47.

526113 has finished a voice call at 2010/01/02-06:38:12. Voice call time: 25.

773203 status: hire-purchase.

764376 has been canceled. Charges: 7450 yen.

Error: 993975 doesn't exist.

868876 has started a voice call at 2010/01/02-06:51:20.

526113 has started a voice call at 2010/01/02-07:37:48.

Error: 756143 doesn't exist.

868876 has finished a voice call at 2010/01/02-07:38:32. Voice call time: 2832.

Error: 424697 doesn't exist.

526113 has finished a voice call at 2010/01/02-09:04:46. Voice call time: 5218.

773203 has started a voice call at 2010/01/02-09:08:05.

773203 has finished a voice call at 2010/01/31-09:38:05. Voice call time: 2507400.

982060 has been canceled. Charges: 154130 yen.

Error: 761968 doesn't exist.

Error: 501796 doesn't exist.

Number: 773203. Voice call time: 2507400. Data traffic: 100.90. Charges: 2109577 yen.

Number: 526113. Voice call time: 7621. Data traffic: 72.47. Charges: 91711 yen.

Number: 868876. Voice call time: 6118. Data traffic: 42.68. Charges: 19661 yen.

Number: 773203. Voice call time: 0. Data traffic: 20.33. Charges: 18327 yen.

Number: 526113. Voice call time: 0. Data traffic: 76.11. Charges: 7000 yen.

Number: 868876. Voice call time: 0. Data traffic: 133.12. Charges: 16811 yen.

Number: 773203. Voice call time: 0. Data traffic: 160.13. Charges: 20327 yen.

Number: 526113. Voice call time: 0. Data traffic: 99.44. Charges: 7000 yen.

Number: 868876. Voice call time: 0. Data traffic: 27.80. Charges: 14811 yen.

868876 has started a voice call at 2010/04/25-04:30:11.

868876 has finished a voice call at 2010/04/25-04:34:23. Voice call time: 252.

526113 has started a voice call at 2010/04/25-04:37:48.

868876 has started a voice call at 2010/04/25-04:41:12.

781537 status: lump-sum.

773203 has started a voice call at 2010/04/25-06:37:42.

Error: 174148 doesn't exist.

868876 has finished a voice call at 2010/04/25-06:41:57. Voice call time: 7245.

526113 has finished a voice call at 2010/04/25-06:44:44. Voice call time: 7616.

Error: 781537 hasn't started a voice call.

868876 has been canceled. Charges: 60055 yen.

Error: 781537 hasn't started a voice call.

781537 has been canceled. Charges: 25113 yen.

Error: 165240 doesn't exist.

773203 has finished a voice call at 2010/04/25-06:53:23. Voice call time: 941.

Error: 292288 doesn't exist.

Error: 328143 doesn't exist.

Error: 738038 doesn't exist.

Error: 89794 doesn't exist.

Error: 857068 doesn't exist.

Error: 259227 doesn't exist.

137688 status: hire-purchase.

Error: 614207 doesn't exist.

Error: 57088 doesn't exist.

Error: 566002 doesn't exist.

Error: 533376 doesn't exist.

526113 has started a voice call at 2010/04/25-10:15:17.

Error: 270094 doesn't exist.

Error: 137688 hasn't started a voice call.

Error: 526113 has already started a voice call.

Error: 309571 doesn't exist.

Error: 773203 hasn't started a voice call.

898033 status: hire-purchase.

Number: 773203. Voice call time: 941. Data traffic: 93.07. Charges: 20877 yen.

Number: 526113. Voice call time: 489099. Data traffic: 123.91. Charges: 414350 yen.

Number: 137688. Voice call time: 0. Data traffic: 155.56. Charges: 9627 yen.

Number: 898033. Voice call time: 0. Data traffic: 174.49. Charges: 10391 yen.

Error: 897202 doesn't exist.

526113 has finished a voice call at 2010/05/26-19:45:52. Voice call time: 2712635.

Number: 773203. Voice call time: 0. Data traffic: 96.11. Charges: 20327 yen.

Number: 526113. Voice call time: 2231152. Data traffic: 115.25. Charges: 1866050 yen.

Number: 137688. Voice call time: 0. Data traffic: 149.19. Charges: 9627 yen.

Number: 898033. Voice call time: 0. Data traffic: 48.13. Charges: 8391 yen.

Number: 773203. Voice call time: 0. Data traffic: 135.80. Charges: 7000 yen.

Number: 526113. Voice call time: 0. Data traffic: 160.53. Charges: 7000 yen.

Number: 137688. Voice call time: 0. Data traffic: 27.84. Charges: 7627 yen.

Number: 898033. Voice call time: 0. Data traffic: 153.43. Charges: 10391 yen.

Number: 773203. Voice call time: 0. Data traffic: 60.92. Charges: 7000 yen.

Number: 526113. Voice call time: 0. Data traffic: 0.06. Charges: 1000 yen.

Number: 137688. Voice call time: 0. Data traffic: 84.54. Charges: 9627 yen.

Number: 898033. Voice call time: 0. Data traffic: 125.66. Charges: 10391 yen.

898033 has been canceled. Charges: 54474 yen.

137688 has been canceled. Charges: 35897 yen.

526113 has started a voice call at 2010/08/12-06:50:20.

Error: 773203 hasn't started a voice call.

Error: 209229 doesn't exist.

Error: 773203 hasn't started a voice call.

Error: 526113 has already started a voice call.

526113 has finished a voice call at 2010/08/12-07:04:19. Voice call time: 839.

Error: 111784 doesn't exist.

Error: 402812 doesn't exist.

Error: 778943 doesn't exist.

979438 status: no terminal charge.

526113 has started a voice call at 2010/08/12-07:13:38.

102841 status: hire-purchase.

102841 has started a voice call at 2010/08/12-07:19:09.

Error: 328534 doesn't exist.

979438 has started a voice call at 2010/08/12-09:17:01.

773203 has been canceled. Charges: 5000 yen.

Error: 715426 doesn't exist.

Error: 111809 doesn't exist.

102841 has finished a voice call at 2010/08/12-09:33:16. Voice call time: 8047.

Error: 102841 hasn't started a voice call.

979438 has finished a voice call at 2010/08/12-09:35:50. Voice call time: 1129.

526113 has finished a voice call at 2010/08/12-09:40:15. Voice call time: 8797.

445004 status: hire-purchase.

445004 has been canceled. Charges: 29265 yen.

Error: 609783 doesn't exist.

526113 has started a voice call at 2010/08/12-09:55:02.

Error: 526113 has already started a voice call.

Error: 526113 has already started a voice call.

102841 has started a voice call at 2010/08/12-10:05:36.

526113 has finished a voice call at 2010/08/12-10:08:29. Voice call time: 807.

979438 has started a voice call at 2010/08/12-10:09:54.

Error: 612604 doesn't exist.

Error: 362935 doesn't exist.

601114 status: hire-purchase.

601114 has started a voice call at 2010/08/12-11:29:01.

Error: 526113 hasn't started a voice call.

526113 has been canceled. Charges: 13500 yen.

Error: 102841 has already started a voice call.

Error: 627502 doesn't exist.

102841 has finished a voice call at 2010/08/12-11:41:53. Voice call time: 5777.

102841 has started a voice call at 2010/08/12-13:45:38.

106126 status: hire-purchase.

979438 has finished a voice call at 2010/08/12-13:49:14. Voice call time: 13160.

Error: 106126 hasn't started a voice call.

102841 has finished a voice call at 2010/08/12-13:53:20. Voice call time: 462.

Error: 601114 has already started a voice call.

Error: 53093 doesn't exist.

106126 has started a voice call at 2010/08/12-13:57:40.

Number: 102841. Voice call time: 14286. Data traffic: 164.48. Charges: 19815 yen.

Number: 601114. Voice call time: 1686659. Data traffic: 18.24. Charges: 1413115 yen.

Number: 979438. Voice call time: 14289. Data traffic: 108.79. Charges: 18700 yen.

Number: 106126. Voice call time: 1677740. Data traffic: 199.37. Charges: 1409675 yen.

979438 has started a voice call at 2010/09/26-10:47:40.

102841 has started a voice call at 2010/09/26-10:50:44.

Error: 979438 has already started a voice call.

102841 has finished a voice call at 2010/09/26-10:54:31. Voice call time: 227.

979438 has finished a voice call at 2010/09/26-10:59:07. Voice call time: 687.

601114 has finished a voice call at 2010/09/26-11:03:45. Voice call time: 3886484.

543634 status: lump-sum.

979438 has been canceled. Charges: 7350 yen.

106126 has finished a voice call at 2010/09/26-11:10:21. Voice call time: 3877961.

Error: 500057 doesn't exist.

Error: 924324 doesn't exist.

Error: 996395 doesn't exist.

601114 has started a voice call at 2010/09/26-12:37:21.

543634 has been canceled. Charges: 11447 yen.

Number: 102841. Voice call time: 227. Data traffic: 156.74. Charges: 8115 yen.

Number: 601114. Voice call time: 2586384. Data traffic: 20.38. Charges: 2165415 yen.

Number: 106126. Voice call time: 2200221. Data traffic: 185.33. Charges: 1845075 yen.

Number: 102841. Voice call time: 0. Data traffic: 154.19. Charges: 8115 yen.

Number: 601114. Voice call time: 2678400. Data traffic: 150.55. Charges: 2244065 yen.

Number: 106126. Voice call time: 0. Data traffic: 115.78. Charges: 11775 yen.

Number: 102841. Voice call time: 0. Data traffic: 171.87. Charges: 8115 yen.

Number: 601114. Voice call time: 2592000. Data traffic: 37.91. Charges: 2170065 yen.

Number: 106126. Voice call time: 0. Data traffic: 137.71. Charges: 11775 yen.

Number: 102841. Voice call time: 0. Data traffic: 149.50. Charges: 8115 yen.

Number: 601114. Voice call time: 2678400. Data traffic: 14.68. Charges: 2239565 yen.

Number: 106126. Voice call time: 0. Data traffic: 11.74. Charges: 7275 yen.

Error: 435371 doesn't exist.

Error: 770536 doesn't exist.

Error: 44166 doesn't exist.

Error: 601114 has already started a voice call.

601114 has finished a voice call at 2011/01/30-04:48:09. Voice call time: 10858248.

Error: 462667 doesn't exist.

475723 status: hire-purchase.

Error: 921571 doesn't exist.

Error: 507107 doesn't exist.

Error: 658684 doesn't exist.

Error: 138448 doesn't exist.

102841 has started a voice call at 2011/01/30-05:08:32.

Error: 475723 hasn't started a voice call.

102841 has finished a voice call at 2011/01/30-05:13:11. Voice call time: 279.

102841 has started a voice call at 2011/01/30-05:16:23.

928830 status: hire-purchase.

102841 has finished a voice call at 2011/01/30-05:22:54. Voice call time: 391.

475723 has started a voice call at 2011/01/30-05:23:40.

475723 has finished a voice call at 2011/01/30-05:26:59. Voice call time: 199.

102841 has started a voice call at 2011/01/30-05:30:50.

102841 has finished a voice call at 2011/01/30-05:34:54. Voice call time: 244.

Error: 772160 doesn't exist.

Error: 801227 doesn't exist.

Error: 581817 doesn't exist.

Error: 495223 doesn't exist.

Error: 919529 doesn't exist.

Number: 102841. Voice call time: 914. Data traffic: 0.27. Charges: 2665 yen.

Number: 601114. Voice call time: 2522889. Data traffic: 188.99. Charges: 2114515 yen.

Number: 106126. Voice call time: 0. Data traffic: 61.58. Charges: 11775 yen.

Number: 475723. Voice call time: 199. Data traffic: 154.55. Charges: 17343 yen.

Number: 928830. Voice call time: 0. Data traffic: 116.41. Charges: 22803 yen.

Error: 149476 doesn't exist.

43777 status: no terminal charge.

Error: 564543 doesn't exist.

Error: 898923 doesn't exist.

287778 status: hire-purchase.

102841 has been canceled. Charges: 6115 yen.

106126 has started a voice call at 2011/02/08-17:32:03.

826894 status: hire-purchase.

Error: 594757 doesn't exist.

601114 has started a voice call at 2011/02/08-17:39:21.

Error: 928830 hasn't started a voice call.

601114 has finished a voice call at 2011/02/08-17:46:24. Voice call time: 423.

Error: 106126 has already started a voice call.

475723 has started a voice call at 2011/02/08-17:51:02.

Error: 726571 doesn't exist.

475723 has finished a voice call at 2011/02/08-19:04:40. Voice call time: 4418.

Error: 106126 has already started a voice call.

287778 has started a voice call at 2011/02/08-19:07:25.

601114 has been canceled. Charges: 33725 yen.

826894 has started a voice call at 2011/02/08-20:00:14.

Error: 831879 doesn't exist.

Number: 287778. Voice call time: 1745555. Data traffic: 29.06. Charges: 1473769 yen.

Number: 826894. Voice call time: 1742386. Data traffic: 12.41. Charges: 1454849 yen.

Number: 106126. Voice call time: 1751277. Data traffic: 17.32. Charges: 1466425 yen.

Number: 475723. Voice call time: 4418. Data traffic: 75.49. Charges: 20793 yen.

Number: 928830. Voice call time: 0. Data traffic: 44.56. Charges: 20803 yen.

Number: 43777. Voice call time: 0. Data traffic: 63.67. Charges: 7000 yen.

Number: 287778. Voice call time: 2678400. Data traffic: 112.71. Charges: 2253119 yen.

Number: 826894. Voice call time: 2678400. Data traffic: 181.03. Charges: 2239349 yen.

Number: 106126. Voice call time: 2678400. Data traffic: 80.58. Charges: 2243525 yen.

Number: 475723. Voice call time: 0. Data traffic: 91.83. Charges: 17343 yen.

Number: 928830. Voice call time: 0. Data traffic: 178.27. Charges: 22803 yen.

Number: 43777. Voice call time: 0. Data traffic: 38.96. Charges: 5000 yen.

43777 has started a voice call at 2011/04/16-04:03:10.

928830 has started a voice call at 2011/04/16-04:03:48.

475723 has started a voice call at 2011/04/16-04:05:02.

Error: 826894 has already started a voice call.

287778 has finished a voice call at 2011/04/16-04:10:47. Voice call time: 5735002.

826894 has finished a voice call at 2011/04/16-04:13:57. Voice call time: 5732023.

287778 has been canceled. Charges: 1142407 yen.

826894 has started a voice call at 2011/04/16-04:16:25.

Error: 826894 has already started a voice call.

Error: 98351 doesn't exist.

Error: 425678 doesn't exist.

826894 has finished a voice call at 2011/04/16-04:22:09. Voice call time: 344.

Error: 826894 hasn't started a voice call.

725577 status: hire-purchase.

475723 has finished a voice call at 2011/04/16-04:28:39. Voice call time: 1417.

996038 status: lump-sum.

43777 has finished a voice call at 2011/04/16-04:33:29. Voice call time: 1819.

589563 status: no terminal charge.

282018 status: lump-sum.

282018 has been canceled. Charges: 77190 yen.

826894 has started a voice call at 2011/04/16-04:46:55.

Error: 106126 has already started a voice call.

674892 status: no terminal charge.

43777 has started a voice call at 2011/04/16-04:54:07.

673099 status: lump-sum.

81609 status: hire-purchase.

106126 has finished a voice call at 2011/04/16-06:10:20. Voice call time: 5747897.

996038 has started a voice call at 2011/04/16-06:14:37.

Number: 43777. Voice call time: 1280172. Data traffic: 12.82. Charges: 1069100 yen.

Number: 826894. Voice call time: 2590366. Data traffic: 92.66. Charges: 2165999 yen.

Number: 106126. Voice call time: 1318220. Data traffic: 153.92. Charges: 1110075 yen.

Number: 475723. Voice call time: 1417. Data traffic: 10.29. Charges: 13793 yen.

Number: 928830. Voice call time: 1281372. Data traffic: 92.58. Charges: 1090403 yen.

Number: 725577. Voice call time: 0. Data traffic: 64.59. Charges: 9473 yen.

Number: 996038. Voice call time: 1273523. Data traffic: 82.71. Charges: 1155733 yen.

Number: 589563. Voice call time: 0. Data traffic: 195.94. Charges: 7000 yen.

Number: 674892. Voice call time: 0. Data traffic: 113.63. Charges: 7000 yen.

Number: 673099. Voice call time: 0. Data traffic: 42.58. Charges: 101731 yen.

Number: 81609. Voice call time: 0. Data traffic: 164.85. Charges: 10164 yen.

Error: 826894 has already started a voice call.

Error: 68610 doesn't exist.

Error: 89976 doesn't exist.

725577 has started a voice call at 2011/05/12-04:49:44.

Error: 305686 doesn't exist.

81609 has started a voice call at 2011/05/12-04:52:20.

Error: 826894 has already started a voice call.

Error: 475723 hasn't started a voice call.

589563 has been canceled. Charges: 7000 yen.

475723 has been canceled. Charges: 48372 yen.

Error: 106126 hasn't started a voice call.

826894 has finished a voice call at 2011/05/12-07:33:09. Voice call time: 2256374.

674892 has started a voice call at 2011/05/12-07:35:26.

674892 has finished a voice call at 2011/05/12-08:59:18. Voice call time: 5032.

106126 has been canceled. Charges: 31150 yen.

Error: 910543 doesn't exist.

826894 has started a voice call at 2011/05/12-09:06:02.

674892 has been canceled. Charges: 10950 yen.

673099 has been canceled. Charges: 5000 yen.

Error: 679033 doesn't exist.

826894 has finished a voice call at 2011/05/14-15:48:43. Voice call time: 196961.

Error: 876222 doesn't exist.

826894 has started a voice call at 2011/05/14-15:57:49.

Error: 996038 has already started a voice call.

81609 has finished a voice call at 2011/05/14-16:36:05. Voice call time: 215025.

81609 has been canceled. Charges: 239738 yen.

Error: 845485 doesn't exist.

Error: 796812 doesn't exist.

928830 has finished a voice call at 2011/05/14-16:47:57. Voice call time: 2465049.

928830 has been canceled. Charges: 1008953 yen.

Error: 725577 has already started a voice call.

826894 has finished a voice call at 2011/05/14-16:56:19. Voice call time: 3510.

826894 has started a voice call at 2011/05/14-16:59:11.

Error: 826894 has already started a voice call.

Error: 394457 doesn't exist.

Number: 43777. Voice call time: 2678400. Data traffic: 129.76. Charges: 2238750 yen.

Number: 826894. Voice call time: 2672109. Data traffic: 166.63. Charges: 2234149 yen.

Number: 725577. Voice call time: 1710616. Data traffic: 188.63. Charges: 1434773 yen.

Number: 996038. Voice call time: 2678400. Data traffic: 98.65. Charges: 2238750 yen.

Number: 43777. Voice call time: 2592000. Data traffic: 144.94. Charges: 2166750 yen.

Number: 826894. Voice call time: 2592000. Data traffic: 19.38. Charges: 2162849 yen.

Number: 725577. Voice call time: 2592000. Data traffic: 166.92. Charges: 2169223 yen.

Number: 996038. Voice call time: 2592000. Data traffic: 20.70. Charges: 2164750 yen.

Number: 43777. Voice call time: 2678400. Data traffic: 158.58. Charges: 2238750 yen.

Number: 826894. Voice call time: 2678400. Data traffic: 0.51. Charges: 2233349 yen.

Number: 725577. Voice call time: 2678400. Data traffic: 172.37. Charges: 2241223 yen.

Number: 996038. Voice call time: 2678400. Data traffic: 7.70. Charges: 2234250 yen.

Error: 43777 has already started a voice call.

826894 has finished a voice call at 2011/08/21-20:10:46. Voice call time: 8565095.

43777 has finished a voice call at 2011/08/21-20:14:08. Voice call time: 11028001.

Error: 43777 hasn't started a voice call.

Error: 725577 has already started a voice call.

745905 status: hire-purchase.

Error: 974116 doesn't exist.

Error: 942812 doesn't exist.

Error: 692904 doesn't exist.

996038 has finished a voice call at 2011/08/21-20:32:28. Voice call time: 11024271.

725577 has finished a voice call at 2011/08/21-20:33:21. Voice call time: 8783017.

209997 status: no terminal charge.

Error: 86231 doesn't exist.

Error: 162376 doesn't exist.

Error: 828664 doesn't exist.

996038 has been canceled. Charges: 1506400 yen.

523833 status: lump-sum.

209997 has started a voice call at 2011/08/21-20:48:14.

745905 has started a voice call at 2011/08/21-20:50:58.

745905 has finished a voice call at 2011/08/21-20:52:07. Voice call time: 69.

Error: 840556 doesn't exist.

Error: 173709 doesn't exist.

725577 has started a voice call at 2011/08/21-20:57:25.

209997 has finished a voice call at 2011/08/21-21:02:22. Voice call time: 848.

Error: 523833 hasn't started a voice call.

523833 has started a voice call at 2011/08/21-21:04:50.

745905 has started a voice call at 2011/08/21-21:05:14.

Error: 826894 hasn't started a voice call.

43777 has started a voice call at 2011/08/21-21:10:19.

209997 has started a voice call at 2011/08/21-21:12:24.

Error: 337400 doesn't exist.

826894 has started a voice call at 2011/08/21-21:17:29.

796751 status: hire-purchase.

985464 status: hire-purchase.

745905 has finished a voice call at 2011/08/21-21:23:55. Voice call time: 1121.

Error: 209997 has already started a voice call.

Number: 43777. Voice call time: 2675029. Data traffic: 179.53. Charges: 2235950 yen.

Number: 826894. Voice call time: 2674397. Data traffic: 11.68. Charges: 2231549 yen.

Number: 725577. Voice call time: 2676956. Data traffic: 155.05. Charges: 2237550 yen.

Number: 209997. Voice call time: 874904. Data traffic: 107.44. Charges: 735850 yen.

Number: 745905. Voice call time: 1190. Data traffic: 155.46. Charges: 9763 yen.

Number: 523833. Voice call time: 874510. Data traffic: 187.04. Charges: 797386 yen.

Number: 796751. Voice call time: 0. Data traffic: 62.08. Charges: 16817 yen.

Number: 985464. Voice call time: 0. Data traffic: 99.18. Charges: 10167 yen.

985464 has started a voice call at 2011/09/01-17:01:27.

Number: 43777. Voice call time: 2592000. Data traffic: 69.83. Charges: 2166750 yen.

Number: 826894. Voice call time: 2592000. Data traffic: 26.37. Charges: 2165349 yen.

Number: 725577. Voice call time: 2592000. Data traffic: 3.36. Charges: 2162250 yen.

Number: 209997. Voice call time: 2592000. Data traffic: 16.65. Charges: 2162250 yen.

Number: 745905. Voice call time: 0. Data traffic: 25.33. Charges: 7013 yen.

Number: 523833. Voice call time: 2592000. Data traffic: 11.91. Charges: 2162250 yen.

Number: 796751. Voice call time: 0. Data traffic: 2.19. Charges: 10817 yen.

Number: 985464. Voice call time: 2530713. Data traffic: 3.73. Charges: 2114367 yen.

Error: 209997 has already started a voice call.

Error: 969291 doesn't exist.

523833 has finished a voice call at 2011/10/20-00:11:49. Voice call time: 5108819.

Error: 796751 hasn't started a voice call.

43777 has finished a voice call at 2011/10/20-00:17:39. Voice call time: 5108840.

523833 has started a voice call at 2011/10/20-00:20:33.

775943 status: hire-purchase.

796751 has been canceled. Charges: 56085 yen.

574292 status: lump-sum.

775943 has been canceled. Charges: 94132 yen.

642943 status: hire-purchase.

574292 has been canceled. Charges: 62405 yen.

305560 status: lump-sum.

642943 has been canceled. Charges: 7458 yen.

Error: 84879 doesn't exist.

43777 has been canceled. Charges: 1373650 yen.

305560 has been canceled. Charges: 82256 yen.

751221 status: hire-purchase.

751221 has been canceled. Charges: 38042 yen.

745905 has been canceled. Charges: 41221 yen.

Number: 985464. Voice call time: 2678400. Data traffic: 20.46. Charges: 2239917 yen.

Number: 826894. Voice call time: 2678400. Data traffic: 145.65. Charges: 2239349 yen.

Number: 725577. Voice call time: 2678400. Data traffic: 109.18. Charges: 2238750 yen.

Number: 209997. Voice call time: 2678400. Data traffic: 101.04. Charges: 2238750 yen.

Number: 523833. Voice call time: 2677876. Data traffic: 93.44. Charges: 2238350 yen.

52779 status: hire-purchase.

Error: 782472 doesn't exist.

Number: 985464. Voice call time: 2592000. Data traffic: 165.91. Charges: 2169917 yen.

Number: 826894. Voice call time: 2592000. Data traffic: 72.38. Charges: 2167349 yen.

Number: 725577. Voice call time: 2592000. Data traffic: 133.52. Charges: 2166750 yen.

Number: 209997. Voice call time: 2592000. Data traffic: 106.82. Charges: 2166750 yen.

Number: 523833. Voice call time: 2592000. Data traffic: 99.54. Charges: 2166750 yen.

Number: 52779. Voice call time: 0. Data traffic: 182.33. Charges: 10845 yen.

Number: 985464. Voice call time: 2678400. Data traffic: 199.65. Charges: 2238750 yen.

Number: 826894. Voice call time: 2678400. Data traffic: 113.91. Charges: 2239349 yen.

Number: 725577. Voice call time: 2678400. Data traffic: 23.60. Charges: 2236750 yen.

Number: 209997. Voice call time: 2678400. Data traffic: 188.69. Charges: 2238750 yen.

Number: 523833. Voice call time: 2678400. Data traffic: 151.76. Charges: 2238750 yen.

Number: 52779. Voice call time: 0. Data traffic: 76.12. Charges: 10845 yen.

Number: 985464. Voice call time: 2678400. Data traffic: 74.59. Charges: 2238750 yen.

Number: 826894. Voice call time: 2678400. Data traffic: 62.23. Charges: 2238750 yen.

Number: 725577. Voice call time: 2678400. Data traffic: 13.38. Charges: 2234250 yen.

Number: 209997. Voice call time: 2678400. Data traffic: 154.22. Charges: 2238750 yen.

Number: 523833. Voice call time: 2678400. Data traffic: 27.15. Charges: 2236750 yen.

Number: 52779. Voice call time: 0. Data traffic: 101.40. Charges: 10845 yen.

Number: 985464. Voice call time: 2505600. Data traffic: 164.34. Charges: 2094750 yen.

Number: 826894. Voice call time: 4247986. Data traffic: 19.45. Charges: 3542250 yen.

Number: 725577. Voice call time: 2505600. Data traffic: 46.78. Charges: 2092750 yen.

Number: 209997. Voice call time: 2505600. Data traffic: 170.21. Charges: 2094750 yen.

Number: 523833. Voice call time: 2505600. Data traffic: 195.65. Charges: 2094750 yen.

Number: 52779. Voice call time: 0. Data traffic: 31.69. Charges: 8845 yen.

Number: 985464. Voice call time: 2678400. Data traffic: 197.61. Charges: 2238750 yen.

Number: 826894. Voice call time: 5356800. Data traffic: 6.07. Charges: 4466250 yen.

Number: 725577. Voice call time: 2678400. Data traffic: 41.61. Charges: 2236750 yen.

Number: 209997. Voice call time: 2678400. Data traffic: 100.20. Charges: 2238750 yen.

Number: 523833. Voice call time: 2678400. Data traffic: 47.12. Charges: 2236750 yen.

Number: 52779. Voice call time: 0. Data traffic: 23.63. Charges: 8845 yen.

44542 status: hire-purchase.

52779 has been canceled. Charges: 24225 yen.

312738 status: hire-purchase.

39487 status: lump-sum.

743431 status: hire-purchase.

Error: 287399 doesn't exist.

336435 status: hire-purchase.

183880 status: lump-sum.

39487 has been canceled. Charges: 66462 yen.

374381 status: lump-sum.

323719 status: hire-purchase.

976074 status: no terminal charge.

523706 status: hire-purchase.

153298 status: lump-sum.

994494 status: hire-purchase.

Error: 788620 doesn't exist.

336435 has been canceled. Charges: 106725 yen.

68969 status: no terminal charge.

312738 has been canceled. Charges: 18127 yen.

Number: 985464. Voice call time: 2592000. Data traffic: 14.98. Charges: 2162250 yen.

Number: 826894. Voice call time: 5182366. Data traffic: 52.96. Charges: 4325400 yen.

Number: 725577. Voice call time: 2592000. Data traffic: 23.18. Charges: 2164750 yen.

Number: 209997. Voice call time: 2592000. Data traffic: 186.08. Charges: 2166750 yen.

Number: 523833. Voice call time: 2592000. Data traffic: 35.30. Charges: 2164750 yen.

Number: 44542. Voice call time: 0. Data traffic: 101.01. Charges: 9593 yen.

Number: 68969. Voice call time: 0. Data traffic: 167.56. Charges: 7000 yen.

Number: 183880. Voice call time: 0. Data traffic: 42.29. Charges: 91453 yen.

Number: 743431. Voice call time: 0. Data traffic: 78.10. Charges: 10098 yen.

Number: 994494. Voice call time: 0. Data traffic: 178.22. Charges: 12097 yen.

Number: 374381. Voice call time: 0. Data traffic: 29.36. Charges: 80979 yen.

Number: 323719. Voice call time: 0. Data traffic: 91.59. Charges: 7784 yen.

Number: 976074. Voice call time: 0. Data traffic: 97.15. Charges: 7000 yen.

Number: 523706. Voice call time: 0. Data traffic: 183.30. Charges: 25565 yen.

Number: 153298. Voice call time: 0. Data traffic: 144.16. Charges: 44354 yen.

890225 status: hire-purchase.

415672 status: hire-purchase.